[2022-02-15 13:53:15.645] INFO [pool-2-thread-99] Doc2Pdf.java:16 - 当前处理线程：114
[2022-02-15 13:53:15.644] INFO [pool-2-thread-9] Doc2Pdf.java:16 - 当前处理线程：24
[2022-02-15 13:53:15.643] INFO [pool-2-thread-75] Doc2Pdf.java:16 - 当前处理线程：90
[2022-02-15 13:53:15.644] INFO [pool-2-thread-71] Doc2Pdf.java:16 - 当前处理线程：86
[2022-02-15 13:53:15.644] INFO [pool-2-thread-10] Doc2Pdf.java:16 - 当前处理线程：25
[2022-02-15 13:53:15.644] INFO [pool-2-thread-57] Doc2Pdf.java:16 - 当前处理线程：72
[2022-02-15 13:53:15.651] INFO [pool-2-thread-99] Doc2Pdf.java:19 - take path from blocking queue 
[2022-02-15 13:53:15.652] INFO [pool-2-thread-75] Doc2Pdf.java:19 - take path from blocking queue 
[2022-02-15 13:53:15.644] INFO [pool-2-thread-26] Doc2Pdf.java:16 - 当前处理线程：41
[2022-02-15 13:53:15.644] INFO [pool-2-thread-40] Doc2Pdf.java:16 - 当前处理线程：55
[2022-02-15 13:53:15.643] INFO [pool-2-thread-20] Doc2Pdf.java:16 - 当前处理线程：35
[2022-02-15 13:53:15.644] INFO [pool-2-thread-83] Doc2Pdf.java:16 - 当前处理线程：98
[2022-02-15 13:53:15.644] INFO [pool-2-thread-21] Doc2Pdf.java:16 - 当前处理线程：36
[2022-02-15 13:53:15.652] INFO [pool-2-thread-26] Doc2Pdf.java:19 - take path from blocking queue 
[2022-02-15 13:53:15.644] INFO [pool-2-thread-49] Doc2Pdf.java:16 - 当前处理线程：64
[2022-02-15 13:53:15.643] INFO [pool-2-thread-23] Doc2Pdf.java:16 - 当前处理线程：38
[2022-02-15 13:53:15.644] INFO [pool-2-thread-82] Doc2Pdf.java:16 - 当前处理线程：97
[2022-02-15 13:53:15.652] INFO [pool-2-thread-21] Doc2Pdf.java:19 - take path from blocking queue 
[2022-02-15 13:53:15.644] INFO [pool-2-thread-60] Doc2Pdf.java:16 - 当前处理线程：75
[2022-02-15 13:53:15.644] INFO [pool-2-thread-29] Doc2Pdf.java:16 - 当前处理线程：44
[2022-02-15 13:53:15.644] INFO [pool-2-thread-50] Doc2Pdf.java:16 - 当前处理线程：65
[2022-02-15 13:53:15.653] INFO [pool-2-thread-82] Doc2Pdf.java:19 - take path from blocking queue 
[2022-02-15 13:53:15.644] INFO [pool-2-thread-77] Doc2Pdf.java:16 - 当前处理线程：92
[2022-02-15 13:53:15.644] INFO [pool-2-thread-5] Doc2Pdf.java:16 - 当前处理线程：20
[2022-02-15 13:53:15.643] INFO [pool-2-thread-54] Doc2Pdf.java:16 - 当前处理线程：69
[2022-02-15 13:53:15.644] INFO [pool-2-thread-85] Doc2Pdf.java:16 - 当前处理线程：100
[2022-02-15 13:53:15.644] INFO [pool-2-thread-25] Doc2Pdf.java:16 - 当前处理线程：40
[2022-02-15 13:53:15.644] INFO [pool-2-thread-56] Doc2Pdf.java:16 - 当前处理线程：71
[2022-02-15 13:53:15.644] INFO [pool-2-thread-34] Doc2Pdf.java:16 - 当前处理线程：49
[2022-02-15 13:53:15.653] INFO [pool-2-thread-29] Doc2Pdf.java:19 - take path from blocking queue 
[2022-02-15 13:53:15.643] INFO [pool-2-thread-55] Doc2Pdf.java:16 - 当前处理线程：70
[2022-02-15 13:53:15.644] INFO [pool-2-thread-92] Doc2Pdf.java:16 - 当前处理线程：107
[2022-02-15 13:53:15.643] INFO [pool-2-thread-2] Doc2Pdf.java:16 - 当前处理线程：17
[2022-02-15 13:53:15.643] INFO [pool-2-thread-37] Doc2Pdf.java:16 - 当前处理线程：52
[2022-02-15 13:53:15.644] INFO [pool-2-thread-14] Doc2Pdf.java:16 - 当前处理线程：29
[2022-02-15 13:53:15.644] INFO [pool-2-thread-88] Doc2Pdf.java:16 - 当前处理线程：103
[2022-02-15 13:53:15.644] INFO [pool-2-thread-91] Doc2Pdf.java:16 - 当前处理线程：106
[2022-02-15 13:53:15.644] INFO [pool-2-thread-61] Doc2Pdf.java:16 - 当前处理线程：76
[2022-02-15 13:53:15.643] INFO [pool-2-thread-36] Doc2Pdf.java:16 - 当前处理线程：51
[2022-02-15 13:53:15.644] INFO [pool-2-thread-16] Doc2Pdf.java:16 - 当前处理线程：31
[2022-02-15 13:53:15.653] INFO [pool-2-thread-88] Doc2Pdf.java:19 - take path from blocking queue 
[2022-02-15 13:53:15.644] INFO [pool-2-thread-74] Doc2Pdf.java:16 - 当前处理线程：89
[2022-02-15 13:53:15.644] INFO [pool-2-thread-78] Doc2Pdf.java:16 - 当前处理线程：93
[2022-02-15 13:53:15.643] INFO [pool-2-thread-66] Doc2Pdf.java:16 - 当前处理线程：81
[2022-02-15 13:53:15.645] INFO [pool-2-thread-100] Doc2Pdf.java:16 - 当前处理线程：115
[2022-02-15 13:53:15.644] INFO [pool-2-thread-17] Doc2Pdf.java:16 - 当前处理线程：32
[2022-02-15 13:53:15.644] INFO [pool-2-thread-89] Doc2Pdf.java:16 - 当前处理线程：104
[2022-02-15 13:53:15.643] INFO [pool-2-thread-51] Doc2Pdf.java:16 - 当前处理线程：66
[2022-02-15 13:53:15.644] INFO [pool-1-thread-1] WatchDir.java:155 - 当前doc处理线程号：15
[2022-02-15 13:53:15.644] INFO [pool-2-thread-65] Doc2Pdf.java:16 - 当前处理线程：80
[2022-02-15 13:53:15.644] INFO [pool-2-thread-39] Doc2Pdf.java:16 - 当前处理线程：54
[2022-02-15 13:53:15.644] INFO [pool-2-thread-28] Doc2Pdf.java:16 - 当前处理线程：43
[2022-02-15 13:53:15.644] INFO [pool-2-thread-8] Doc2Pdf.java:16 - 当前处理线程：23
[2022-02-15 13:53:15.652] INFO [pool-2-thread-49] Doc2Pdf.java:19 - take path from blocking queue 
[2022-02-15 13:53:15.644] INFO [pool-2-thread-18] Doc2Pdf.java:16 - 当前处理线程：33
[2022-02-15 13:53:15.643] INFO [pool-2-thread-62] Doc2Pdf.java:16 - 当前处理线程：77
[2022-02-15 13:53:15.654] INFO [pool-2-thread-28] Doc2Pdf.java:19 - take path from blocking queue 
[2022-02-15 13:53:15.644] INFO [pool-2-thread-81] Doc2Pdf.java:16 - 当前处理线程：96
[2022-02-15 13:53:15.643] INFO [pool-2-thread-64] Doc2Pdf.java:16 - 当前处理线程：79
[2022-02-15 13:53:15.653] INFO [pool-2-thread-16] Doc2Pdf.java:19 - take path from blocking queue 
[2022-02-15 13:53:15.644] INFO [pool-2-thread-44] Doc2Pdf.java:16 - 当前处理线程：59
[2022-02-15 13:53:15.643] INFO [pool-2-thread-70] Doc2Pdf.java:16 - 当前处理线程：85
[2022-02-15 13:53:15.644] INFO [pool-2-thread-4] Doc2Pdf.java:16 - 当前处理线程：19
[2022-02-15 13:53:15.644] INFO [pool-2-thread-79] Doc2Pdf.java:16 - 当前处理线程：94
[2022-02-15 13:53:15.654] INFO [pool-2-thread-44] Doc2Pdf.java:19 - take path from blocking queue 
[2022-02-15 13:53:15.644] INFO [pool-2-thread-32] Doc2Pdf.java:16 - 当前处理线程：47
[2022-02-15 13:53:15.644] INFO [pool-2-thread-45] Doc2Pdf.java:16 - 当前处理线程：60
[2022-02-15 13:53:15.644] INFO [pool-2-thread-84] Doc2Pdf.java:16 - 当前处理线程：99
[2022-02-15 13:53:15.644] INFO [pool-2-thread-19] Doc2Pdf.java:16 - 当前处理线程：34
[2022-02-15 13:53:15.644] INFO [pool-2-thread-7] Doc2Pdf.java:16 - 当前处理线程：22
[2022-02-15 13:53:15.644] INFO [pool-2-thread-42] Doc2Pdf.java:16 - 当前处理线程：57
[2022-02-15 13:53:15.644] INFO [pool-2-thread-86] Doc2Pdf.java:16 - 当前处理线程：101
[2022-02-15 13:53:15.644] INFO [pool-2-thread-52] Doc2Pdf.java:16 - 当前处理线程：67
[2022-02-15 13:53:15.643] INFO [pool-2-thread-80] Doc2Pdf.java:16 - 当前处理线程：95
[2022-02-15 13:53:15.644] INFO [pool-2-thread-11] Doc2Pdf.java:16 - 当前处理线程：26
[2022-02-15 13:53:15.654] INFO [pool-2-thread-65] Doc2Pdf.java:19 - take path from blocking queue 
[2022-02-15 13:53:15.655] INFO [pool-2-thread-52] Doc2Pdf.java:19 - take path from blocking queue 
[2022-02-15 13:53:15.654] INFO [pool-1-thread-1] WatchDir.java:84 - 进入到创建文档事件监控
[2022-02-15 13:53:15.654] INFO [pool-2-thread-89] Doc2Pdf.java:19 - take path from blocking queue 
[2022-02-15 13:53:15.645] INFO [pool-2-thread-97] Doc2Pdf.java:16 - 当前处理线程：112
[2022-02-15 13:53:15.654] INFO [pool-2-thread-74] Doc2Pdf.java:19 - take path from blocking queue 
[2022-02-15 13:53:15.644] INFO [pool-2-thread-58] Doc2Pdf.java:16 - 当前处理线程：73
[2022-02-15 13:53:15.645] INFO [pool-2-thread-98] Doc2Pdf.java:16 - 当前处理线程：113
[2022-02-15 13:53:15.653] INFO [pool-2-thread-60] Doc2Pdf.java:19 - take path from blocking queue 
[2022-02-15 13:53:15.654] INFO [pool-2-thread-64] Doc2Pdf.java:19 - take path from blocking queue 
[2022-02-15 13:53:15.655] INFO [pool-2-thread-97] Doc2Pdf.java:19 - take path from blocking queue 
[2022-02-15 13:53:15.644] INFO [pool-2-thread-22] Doc2Pdf.java:16 - 当前处理线程：37
[2022-02-15 13:53:15.644] INFO [pool-2-thread-33] Doc2Pdf.java:16 - 当前处理线程：48
[2022-02-15 13:53:15.645] INFO [pool-2-thread-15] Doc2Pdf.java:16 - 当前处理线程：30
[2022-02-15 13:53:15.644] INFO [pool-2-thread-12] Doc2Pdf.java:16 - 当前处理线程：27
[2022-02-15 13:53:15.644] INFO [pool-2-thread-47] Doc2Pdf.java:16 - 当前处理线程：62
[2022-02-15 13:53:15.644] INFO [pool-2-thread-6] Doc2Pdf.java:16 - 当前处理线程：21
[2022-02-15 13:53:15.655] INFO [pool-2-thread-12] Doc2Pdf.java:19 - take path from blocking queue 
[2022-02-15 13:53:15.654] INFO [pool-2-thread-8] Doc2Pdf.java:19 - take path from blocking queue 
[2022-02-15 13:53:15.654] INFO [pool-2-thread-81] Doc2Pdf.java:19 - take path from blocking queue 
[2022-02-15 13:53:15.645] INFO [pool-2-thread-94] Doc2Pdf.java:16 - 当前处理线程：109
[2022-02-15 13:53:15.652] INFO [pool-2-thread-10] Doc2Pdf.java:19 - take path from blocking queue 
[2022-02-15 13:53:15.655] INFO [pool-2-thread-86] Doc2Pdf.java:19 - take path from blocking queue 
[2022-02-15 13:53:15.644] INFO [pool-2-thread-59] Doc2Pdf.java:16 - 当前处理线程：74
[2022-02-15 13:53:15.644] INFO [pool-2-thread-76] Doc2Pdf.java:16 - 当前处理线程：91
[2022-02-15 13:53:15.655] INFO [pool-2-thread-15] Doc2Pdf.java:19 - take path from blocking queue 
[2022-02-15 13:53:15.643] INFO [pool-2-thread-69] Doc2Pdf.java:16 - 当前处理线程：84
[2022-02-15 13:53:15.644] INFO [pool-2-thread-3] Doc2Pdf.java:16 - 当前处理线程：18
[2022-02-15 13:53:15.653] INFO [pool-2-thread-50] Doc2Pdf.java:19 - take path from blocking queue 
[2022-02-15 13:53:15.653] INFO [pool-2-thread-34] Doc2Pdf.java:19 - take path from blocking queue 
[2022-02-15 13:53:15.644] INFO [pool-2-thread-38] Doc2Pdf.java:16 - 当前处理线程：53
[2022-02-15 13:53:15.644] INFO [pool-2-thread-43] Doc2Pdf.java:16 - 当前处理线程：58
[2022-02-15 13:53:15.644] INFO [pool-2-thread-90] Doc2Pdf.java:16 - 当前处理线程：105
[2022-02-15 13:53:15.652] INFO [pool-2-thread-23] Doc2Pdf.java:19 - take path from blocking queue 
[2022-02-15 13:53:15.653] INFO [pool-2-thread-92] Doc2Pdf.java:19 - take path from blocking queue 
[2022-02-15 13:53:15.645] INFO [pool-2-thread-96] Doc2Pdf.java:16 - 当前处理线程：111
[2022-02-15 13:53:15.653] INFO [pool-2-thread-25] Doc2Pdf.java:19 - take path from blocking queue 
[2022-02-15 13:53:15.656] INFO [pool-2-thread-69] Doc2Pdf.java:19 - take path from blocking queue 
[2022-02-15 13:53:15.652] INFO [pool-2-thread-83] Doc2Pdf.java:19 - take path from blocking queue 
[2022-02-15 13:53:15.644] INFO [pool-2-thread-87] Doc2Pdf.java:16 - 当前处理线程：102
[2022-02-15 13:53:15.653] INFO [pool-2-thread-55] Doc2Pdf.java:19 - take path from blocking queue 
[2022-02-15 13:53:15.655] INFO [pool-2-thread-42] Doc2Pdf.java:19 - take path from blocking queue 
[2022-02-15 13:53:15.644] INFO [pool-2-thread-46] Doc2Pdf.java:16 - 当前处理线程：61
[2022-02-15 13:53:15.653] INFO [pool-2-thread-91] Doc2Pdf.java:19 - take path from blocking queue 
[2022-02-15 13:53:15.653] INFO [pool-2-thread-5] Doc2Pdf.java:19 - take path from blocking queue 
[2022-02-15 13:53:15.653] INFO [pool-2-thread-61] Doc2Pdf.java:19 - take path from blocking queue 
[2022-02-15 13:53:15.654] INFO [pool-2-thread-51] Doc2Pdf.java:19 - take path from blocking queue 
[2022-02-15 13:53:15.655] INFO [pool-2-thread-58] Doc2Pdf.java:19 - take path from blocking queue 
[2022-02-15 13:53:15.645] INFO [pool-2-thread-93] Doc2Pdf.java:16 - 当前处理线程：108
[2022-02-15 13:53:15.654] INFO [pool-2-thread-100] Doc2Pdf.java:19 - take path from blocking queue 
[2022-02-15 13:53:15.656] INFO [pool-2-thread-38] Doc2Pdf.java:19 - take path from blocking queue 
[2022-02-15 13:53:15.654] INFO [pool-2-thread-66] Doc2Pdf.java:19 - take path from blocking queue 
[2022-02-15 13:53:15.645] INFO [pool-2-thread-24] Doc2Pdf.java:16 - 当前处理线程：39
[2022-02-15 13:53:15.652] INFO [pool-2-thread-71] Doc2Pdf.java:19 - take path from blocking queue 
[2022-02-15 13:53:15.652] INFO [pool-2-thread-20] Doc2Pdf.java:19 - take path from blocking queue 
[2022-02-15 13:53:15.654] INFO [pool-2-thread-32] Doc2Pdf.java:19 - take path from blocking queue 
[2022-02-15 13:53:15.654] INFO [pool-2-thread-79] Doc2Pdf.java:19 - take path from blocking queue 
[2022-02-15 13:53:15.645] INFO [pool-2-thread-95] Doc2Pdf.java:16 - 当前处理线程：110
[2022-02-15 13:53:15.654] INFO [pool-2-thread-39] Doc2Pdf.java:19 - take path from blocking queue 
[2022-02-15 13:53:15.657] INFO [pool-2-thread-24] Doc2Pdf.java:19 - take path from blocking queue 
[2022-02-15 13:53:15.654] INFO [pool-2-thread-18] Doc2Pdf.java:19 - take path from blocking queue 
[2022-02-15 13:53:15.654] INFO [pool-2-thread-70] Doc2Pdf.java:19 - take path from blocking queue 
[2022-02-15 13:53:15.644] INFO [pool-2-thread-63] Doc2Pdf.java:16 - 当前处理线程：78
[2022-02-15 13:53:15.644] INFO [pool-2-thread-73] Doc2Pdf.java:16 - 当前处理线程：88
[2022-02-15 13:53:15.655] INFO [pool-2-thread-11] Doc2Pdf.java:19 - take path from blocking queue 
[2022-02-15 13:53:15.654] INFO [pool-2-thread-62] Doc2Pdf.java:19 - take path from blocking queue 
[2022-02-15 13:53:15.654] INFO [pool-2-thread-45] Doc2Pdf.java:19 - take path from blocking queue 
[2022-02-15 13:53:15.655] INFO [pool-2-thread-19] Doc2Pdf.java:19 - take path from blocking queue 
[2022-02-15 13:53:15.655] INFO [pool-2-thread-7] Doc2Pdf.java:19 - take path from blocking queue 
[2022-02-15 13:53:15.643] INFO [pool-2-thread-41] Doc2Pdf.java:16 - 当前处理线程：56
[2022-02-15 13:53:15.644] INFO [pool-2-thread-30] Doc2Pdf.java:16 - 当前处理线程：45
[2022-02-15 13:53:15.657] INFO [pool-2-thread-63] Doc2Pdf.java:19 - take path from blocking queue 
[2022-02-15 13:53:15.655] INFO [pool-2-thread-84] Doc2Pdf.java:19 - take path from blocking queue 
[2022-02-15 13:53:15.644] INFO [pool-2-thread-48] Doc2Pdf.java:16 - 当前处理线程：63
[2022-02-15 13:53:15.654] INFO [pool-2-thread-78] Doc2Pdf.java:19 - take path from blocking queue 
[2022-02-15 13:53:15.644] INFO [pool-2-thread-67] Doc2Pdf.java:16 - 当前处理线程：82
[2022-02-15 13:53:15.655] INFO [pool-2-thread-98] Doc2Pdf.java:19 - take path from blocking queue 
[2022-02-15 13:53:15.643] INFO [pool-2-thread-31] Doc2Pdf.java:16 - 当前处理线程：46
[2022-02-15 13:53:15.655] INFO [pool-2-thread-22] Doc2Pdf.java:19 - take path from blocking queue 
[2022-02-15 13:53:15.655] INFO [pool-2-thread-80] Doc2Pdf.java:19 - take path from blocking queue 
[2022-02-15 13:53:15.644] INFO [pool-2-thread-68] Doc2Pdf.java:16 - 当前处理线程：83
[2022-02-15 13:53:15.653] INFO [pool-2-thread-14] Doc2Pdf.java:19 - take path from blocking queue 
[2022-02-15 13:53:15.654] INFO [pool-2-thread-4] Doc2Pdf.java:19 - take path from blocking queue 
[2022-02-15 13:53:15.657] INFO [pool-2-thread-95] Doc2Pdf.java:19 - take path from blocking queue 
[2022-02-15 13:53:15.654] INFO [pool-2-thread-17] Doc2Pdf.java:19 - take path from blocking queue 
[2022-02-15 13:53:15.653] INFO [pool-2-thread-85] Doc2Pdf.java:19 - take path from blocking queue 
[2022-02-15 13:53:15.653] INFO [pool-2-thread-37] Doc2Pdf.java:19 - take path from blocking queue 
[2022-02-15 13:53:15.658] INFO [pool-2-thread-31] Doc2Pdf.java:19 - take path from blocking queue 
[2022-02-15 13:53:15.656] INFO [pool-2-thread-94] Doc2Pdf.java:19 - take path from blocking queue 
[2022-02-15 13:53:15.653] INFO [pool-2-thread-2] Doc2Pdf.java:19 - take path from blocking queue 
[2022-02-15 13:53:15.656] INFO [pool-2-thread-90] Doc2Pdf.java:19 - take path from blocking queue 
[2022-02-15 13:53:15.655] INFO [pool-2-thread-33] Doc2Pdf.java:19 - take path from blocking queue 
[2022-02-15 13:53:15.658] INFO [pool-2-thread-68] Doc2Pdf.java:19 - take path from blocking queue 
[2022-02-15 13:53:15.653] INFO [pool-2-thread-54] Doc2Pdf.java:19 - take path from blocking queue 
[2022-02-15 13:53:15.653] INFO [pool-2-thread-56] Doc2Pdf.java:19 - take path from blocking queue 
[2022-02-15 13:53:15.656] INFO [pool-2-thread-87] Doc2Pdf.java:19 - take path from blocking queue 
[2022-02-15 13:53:15.652] INFO [pool-2-thread-57] Doc2Pdf.java:19 - take path from blocking queue 
[2022-02-15 13:53:15.656] INFO [pool-2-thread-3] Doc2Pdf.java:19 - take path from blocking queue 
[2022-02-15 13:53:15.658] INFO [pool-2-thread-67] Doc2Pdf.java:19 - take path from blocking queue 
[2022-02-15 13:53:15.653] INFO [pool-2-thread-36] Doc2Pdf.java:19 - take path from blocking queue 
[2022-02-15 13:53:15.657] INFO [pool-2-thread-93] Doc2Pdf.java:19 - take path from blocking queue 
[2022-02-15 13:53:15.656] INFO [pool-2-thread-43] Doc2Pdf.java:19 - take path from blocking queue 
[2022-02-15 13:53:15.644] INFO [pool-2-thread-27] Doc2Pdf.java:16 - 当前处理线程：42
[2022-02-15 13:53:15.653] INFO [pool-2-thread-77] Doc2Pdf.java:19 - take path from blocking queue 
[2022-02-15 13:53:15.657] INFO [pool-2-thread-41] Doc2Pdf.java:19 - take path from blocking queue 
[2022-02-15 13:53:15.656] INFO [pool-2-thread-59] Doc2Pdf.java:19 - take path from blocking queue 
[2022-02-15 13:53:15.656] INFO [pool-2-thread-76] Doc2Pdf.java:19 - take path from blocking queue 
[2022-02-15 13:53:15.644] INFO [pool-2-thread-35] Doc2Pdf.java:16 - 当前处理线程：50
[2022-02-15 13:53:15.655] INFO [pool-2-thread-6] Doc2Pdf.java:19 - take path from blocking queue 
[2022-02-15 13:53:15.644] INFO [pool-2-thread-72] Doc2Pdf.java:16 - 当前处理线程：87
[2022-02-15 13:53:15.643] INFO [pool-2-thread-53] Doc2Pdf.java:16 - 当前处理线程：68
[2022-02-15 13:53:15.656] INFO [pool-2-thread-96] Doc2Pdf.java:19 - take path from blocking queue 
[2022-02-15 13:53:15.651] INFO [pool-2-thread-9] Doc2Pdf.java:19 - take path from blocking queue 
[2022-02-15 13:53:15.657] INFO [pool-2-thread-46] Doc2Pdf.java:19 - take path from blocking queue 
[2022-02-15 13:53:15.655] INFO [pool-2-thread-47] Doc2Pdf.java:19 - take path from blocking queue 
[2022-02-15 13:53:15.652] INFO [pool-2-thread-40] Doc2Pdf.java:19 - take path from blocking queue 
[2022-02-15 13:53:15.659] INFO [pool-2-thread-27] Doc2Pdf.java:19 - take path from blocking queue 
[2022-02-15 13:53:15.657] INFO [pool-2-thread-30] Doc2Pdf.java:19 - take path from blocking queue 
[2022-02-15 13:53:15.659] INFO [pool-2-thread-35] Doc2Pdf.java:19 - take path from blocking queue 
[2022-02-15 13:53:15.658] INFO [pool-2-thread-48] Doc2Pdf.java:19 - take path from blocking queue 
[2022-02-15 13:53:15.657] INFO [pool-2-thread-73] Doc2Pdf.java:19 - take path from blocking queue 
[2022-02-15 13:53:15.643] INFO [pool-2-thread-13] Doc2Pdf.java:16 - 当前处理线程：28
[2022-02-15 13:53:15.644] INFO [pool-2-thread-1] Doc2Pdf.java:16 - 当前处理线程：16
[2022-02-15 13:53:15.659] INFO [pool-2-thread-53] Doc2Pdf.java:19 - take path from blocking queue 
[2022-02-15 13:53:15.659] INFO [pool-2-thread-72] Doc2Pdf.java:19 - take path from blocking queue 
[2022-02-15 13:53:15.659] INFO [pool-2-thread-13] Doc2Pdf.java:19 - take path from blocking queue 
[2022-02-15 13:53:15.659] INFO [pool-2-thread-1] Doc2Pdf.java:19 - take path from blocking queue 
[2022-02-15 15:53:16.646] INFO [pool-2-thread-62] Doc2Pdf.java:17 - 当前处理线程：77
[2022-02-15 15:53:16.645] INFO [pool-2-thread-13] Doc2Pdf.java:17 - 当前处理线程：28
[2022-02-15 15:53:16.646] INFO [pool-1-thread-1] WatchDir.java:155 - 当前doc处理线程号：15
[2022-02-15 15:53:16.647] INFO [pool-2-thread-75] Doc2Pdf.java:17 - 当前处理线程：90
[2022-02-15 15:53:16.646] INFO [pool-2-thread-5] Doc2Pdf.java:17 - 当前处理线程：20
[2022-02-15 15:53:16.646] INFO [pool-2-thread-24] Doc2Pdf.java:17 - 当前处理线程：39
[2022-02-15 15:53:16.646] INFO [pool-2-thread-10] Doc2Pdf.java:17 - 当前处理线程：25
[2022-02-15 15:53:16.646] INFO [pool-2-thread-8] Doc2Pdf.java:17 - 当前处理线程：23
[2022-02-15 15:53:16.646] INFO [pool-2-thread-57] Doc2Pdf.java:17 - 当前处理线程：72
[2022-02-15 15:53:16.646] INFO [pool-2-thread-50] Doc2Pdf.java:17 - 当前处理线程：65
[2022-02-15 15:53:16.646] INFO [pool-2-thread-18] Doc2Pdf.java:17 - 当前处理线程：33
[2022-02-15 15:53:16.646] INFO [pool-2-thread-25] Doc2Pdf.java:17 - 当前处理线程：40
[2022-02-15 15:53:16.647] INFO [pool-2-thread-79] Doc2Pdf.java:17 - 当前处理线程：94
[2022-02-15 15:53:16.646] INFO [pool-2-thread-51] Doc2Pdf.java:17 - 当前处理线程：66
[2022-02-15 15:53:16.647] INFO [pool-2-thread-78] Doc2Pdf.java:17 - 当前处理线程：93
[2022-02-15 15:53:16.647] INFO [pool-2-thread-73] Doc2Pdf.java:17 - 当前处理线程：88
[2022-02-15 15:53:16.646] INFO [pool-2-thread-23] Doc2Pdf.java:17 - 当前处理线程：38
[2022-02-15 15:53:16.651] INFO [pool-2-thread-18] Doc2Pdf.java:20 - take path from blocking queue 
[2022-02-15 15:53:16.645] INFO [pool-2-thread-48] Doc2Pdf.java:17 - 当前处理线程：63
[2022-02-15 15:53:16.646] INFO [pool-2-thread-29] Doc2Pdf.java:17 - 当前处理线程：44
[2022-02-15 15:53:16.651] INFO [pool-2-thread-51] Doc2Pdf.java:20 - take path from blocking queue 
[2022-02-15 15:53:16.646] INFO [pool-2-thread-21] Doc2Pdf.java:17 - 当前处理线程：36
[2022-02-15 15:53:16.646] INFO [pool-2-thread-53] Doc2Pdf.java:17 - 当前处理线程：68
[2022-02-15 15:53:16.646] INFO [pool-2-thread-40] Doc2Pdf.java:17 - 当前处理线程：55
[2022-02-15 15:53:16.647] INFO [pool-2-thread-72] Doc2Pdf.java:17 - 当前处理线程：87
[2022-02-15 15:53:16.646] INFO [pool-2-thread-16] Doc2Pdf.java:17 - 当前处理线程：31
[2022-02-15 15:53:16.648] INFO [pool-2-thread-95] Doc2Pdf.java:17 - 当前处理线程：110
[2022-02-15 15:53:16.648] INFO [pool-2-thread-97] Doc2Pdf.java:17 - 当前处理线程：112
[2022-02-15 15:53:16.646] INFO [pool-2-thread-31] Doc2Pdf.java:17 - 当前处理线程：46
[2022-02-15 15:53:16.646] INFO [pool-2-thread-59] Doc2Pdf.java:17 - 当前处理线程：74
[2022-02-15 15:53:16.651] INFO [pool-2-thread-23] Doc2Pdf.java:20 - take path from blocking queue 
[2022-02-15 15:53:16.651] INFO [pool-2-thread-40] Doc2Pdf.java:20 - take path from blocking queue 
[2022-02-15 15:53:16.645] INFO [pool-2-thread-35] Doc2Pdf.java:17 - 当前处理线程：50
[2022-02-15 15:53:16.646] INFO [pool-2-thread-27] Doc2Pdf.java:17 - 当前处理线程：42
[2022-02-15 15:53:16.646] INFO [pool-2-thread-22] Doc2Pdf.java:17 - 当前处理线程：37
[2022-02-15 15:53:16.646] INFO [pool-2-thread-1] Doc2Pdf.java:17 - 当前处理线程：16
[2022-02-15 15:53:16.652] INFO [pool-2-thread-59] Doc2Pdf.java:20 - take path from blocking queue 
[2022-02-15 15:53:16.646] INFO [pool-2-thread-42] Doc2Pdf.java:17 - 当前处理线程：57
[2022-02-15 15:53:16.646] INFO [pool-2-thread-2] Doc2Pdf.java:17 - 当前处理线程：17
[2022-02-15 15:53:16.645] INFO [pool-2-thread-4] Doc2Pdf.java:17 - 当前处理线程：19
[2022-02-15 15:53:16.646] INFO [pool-2-thread-63] Doc2Pdf.java:17 - 当前处理线程：78
[2022-02-15 15:53:16.646] INFO [pool-2-thread-7] Doc2Pdf.java:17 - 当前处理线程：22
[2022-02-15 15:53:16.646] INFO [pool-2-thread-47] Doc2Pdf.java:17 - 当前处理线程：62
[2022-02-15 15:53:16.647] INFO [pool-2-thread-88] Doc2Pdf.java:17 - 当前处理线程：103
[2022-02-15 15:53:16.652] INFO [pool-2-thread-4] Doc2Pdf.java:20 - take path from blocking queue 
[2022-02-15 15:53:16.652] INFO [pool-2-thread-35] Doc2Pdf.java:20 - take path from blocking queue 
[2022-02-15 15:53:16.645] INFO [pool-2-thread-3] Doc2Pdf.java:17 - 当前处理线程：18
[2022-02-15 15:53:16.646] INFO [pool-2-thread-15] Doc2Pdf.java:17 - 当前处理线程：30
[2022-02-15 15:53:16.646] INFO [pool-2-thread-66] Doc2Pdf.java:17 - 当前处理线程：81
[2022-02-15 15:53:16.651] INFO [pool-2-thread-95] Doc2Pdf.java:20 - take path from blocking queue 
[2022-02-15 15:53:16.648] INFO [pool-2-thread-96] Doc2Pdf.java:17 - 当前处理线程：111
[2022-02-15 15:53:16.646] INFO [pool-2-thread-11] Doc2Pdf.java:17 - 当前处理线程：26
[2022-02-15 15:53:16.647] INFO [pool-2-thread-80] Doc2Pdf.java:17 - 当前处理线程：95
[2022-02-15 15:53:16.645] INFO [pool-2-thread-39] Doc2Pdf.java:17 - 当前处理线程：54
[2022-02-15 15:53:16.646] INFO [pool-2-thread-34] Doc2Pdf.java:17 - 当前处理线程：49
[2022-02-15 15:53:16.647] INFO [pool-2-thread-74] Doc2Pdf.java:17 - 当前处理线程：89
[2022-02-15 15:53:16.646] INFO [pool-2-thread-56] Doc2Pdf.java:17 - 当前处理线程：71
[2022-02-15 15:53:16.646] INFO [pool-2-thread-9] Doc2Pdf.java:17 - 当前处理线程：24
[2022-02-15 15:53:16.652] INFO [pool-2-thread-7] Doc2Pdf.java:20 - take path from blocking queue 
[2022-02-15 15:53:16.646] INFO [pool-2-thread-20] Doc2Pdf.java:17 - 当前处理线程：35
[2022-02-15 15:53:16.646] INFO [pool-2-thread-6] Doc2Pdf.java:17 - 当前处理线程：21
[2022-02-15 15:53:16.652] INFO [pool-2-thread-2] Doc2Pdf.java:20 - take path from blocking queue 
[2022-02-15 15:53:16.648] INFO [pool-2-thread-93] Doc2Pdf.java:17 - 当前处理线程：108
[2022-02-15 15:53:16.646] INFO [pool-2-thread-36] Doc2Pdf.java:17 - 当前处理线程：51
[2022-02-15 15:53:16.646] INFO [pool-2-thread-44] Doc2Pdf.java:17 - 当前处理线程：59
[2022-02-15 15:53:16.650] INFO [pool-2-thread-75] Doc2Pdf.java:20 - take path from blocking queue 
[2022-02-15 15:53:16.646] INFO [pool-2-thread-68] Doc2Pdf.java:17 - 当前处理线程：83
[2022-02-15 15:53:16.646] INFO [pool-2-thread-52] Doc2Pdf.java:17 - 当前处理线程：67
[2022-02-15 15:53:16.646] INFO [pool-2-thread-49] Doc2Pdf.java:17 - 当前处理线程：64
[2022-02-15 15:53:16.647] INFO [pool-2-thread-71] Doc2Pdf.java:17 - 当前处理线程：86
[2022-02-15 15:53:16.651] INFO [pool-2-thread-50] Doc2Pdf.java:20 - take path from blocking queue 
[2022-02-15 15:53:16.646] INFO [pool-2-thread-45] Doc2Pdf.java:17 - 当前处理线程：60
[2022-02-15 15:53:16.646] INFO [pool-2-thread-17] Doc2Pdf.java:17 - 当前处理线程：32
[2022-02-15 15:53:16.651] INFO [pool-2-thread-25] Doc2Pdf.java:20 - take path from blocking queue 
[2022-02-15 15:53:16.653] INFO [pool-2-thread-52] Doc2Pdf.java:20 - take path from blocking queue 
[2022-02-15 15:53:16.646] INFO [pool-2-thread-61] Doc2Pdf.java:17 - 当前处理线程：76
[2022-02-15 15:53:16.651] INFO [pool-2-thread-78] Doc2Pdf.java:20 - take path from blocking queue 
[2022-02-15 15:53:16.653] INFO [pool-2-thread-45] Doc2Pdf.java:20 - take path from blocking queue 
[2022-02-15 15:53:16.646] INFO [pool-2-thread-67] Doc2Pdf.java:17 - 当前处理线程：82
[2022-02-15 15:53:16.651] INFO [pool-2-thread-73] Doc2Pdf.java:20 - take path from blocking queue 
[2022-02-15 15:53:16.646] INFO [pool-2-thread-55] Doc2Pdf.java:17 - 当前处理线程：70
[2022-02-15 15:53:16.646] INFO [pool-2-thread-41] Doc2Pdf.java:17 - 当前处理线程：56
[2022-02-15 15:53:16.646] INFO [pool-2-thread-14] Doc2Pdf.java:17 - 当前处理线程：29
[2022-02-15 15:53:16.651] INFO [pool-2-thread-29] Doc2Pdf.java:20 - take path from blocking queue 
[2022-02-15 15:53:16.653] INFO [pool-2-thread-20] Doc2Pdf.java:20 - take path from blocking queue 
[2022-02-15 15:53:16.653] INFO [pool-2-thread-9] Doc2Pdf.java:20 - take path from blocking queue 
[2022-02-15 15:53:16.653] INFO [pool-2-thread-41] Doc2Pdf.java:20 - take path from blocking queue 
[2022-02-15 15:53:16.653] INFO [pool-2-thread-36] Doc2Pdf.java:20 - take path from blocking queue 
[2022-02-15 15:53:16.653] INFO [pool-2-thread-44] Doc2Pdf.java:20 - take path from blocking queue 
[2022-02-15 15:53:16.651] INFO [pool-2-thread-72] Doc2Pdf.java:20 - take path from blocking queue 
[2022-02-15 15:53:16.646] INFO [pool-2-thread-33] Doc2Pdf.java:17 - 当前处理线程：48
[2022-02-15 15:53:16.647] INFO [pool-2-thread-83] Doc2Pdf.java:17 - 当前处理线程：98
[2022-02-15 15:53:16.646] INFO [pool-2-thread-69] Doc2Pdf.java:17 - 当前处理线程：84
[2022-02-15 15:53:16.651] INFO [pool-2-thread-48] Doc2Pdf.java:20 - take path from blocking queue 
[2022-02-15 15:53:16.646] INFO [pool-2-thread-54] Doc2Pdf.java:17 - 当前处理线程：69
[2022-02-15 15:53:16.646] INFO [pool-2-thread-70] Doc2Pdf.java:17 - 当前处理线程：85
[2022-02-15 15:53:16.651] INFO [pool-2-thread-16] Doc2Pdf.java:20 - take path from blocking queue 
[2022-02-15 15:53:16.654] INFO [pool-2-thread-54] Doc2Pdf.java:20 - take path from blocking queue 
[2022-02-15 15:53:16.648] INFO [pool-2-thread-91] Doc2Pdf.java:17 - 当前处理线程：106
[2022-02-15 15:53:16.645] INFO [pool-2-thread-19] Doc2Pdf.java:17 - 当前处理线程：34
[2022-02-15 15:53:16.646] INFO [pool-2-thread-38] Doc2Pdf.java:17 - 当前处理线程：53
[2022-02-15 15:53:16.652] INFO [pool-2-thread-63] Doc2Pdf.java:20 - take path from blocking queue 
[2022-02-15 15:53:16.652] INFO [pool-2-thread-27] Doc2Pdf.java:20 - take path from blocking queue 
[2022-02-15 15:53:16.652] INFO [pool-2-thread-22] Doc2Pdf.java:20 - take path from blocking queue 
[2022-02-15 15:53:16.652] INFO [pool-2-thread-47] Doc2Pdf.java:20 - take path from blocking queue 
[2022-02-15 15:53:16.654] INFO [pool-2-thread-70] Doc2Pdf.java:20 - take path from blocking queue 
[2022-02-15 15:53:16.654] INFO [pool-2-thread-33] Doc2Pdf.java:20 - take path from blocking queue 
[2022-02-15 15:53:16.652] INFO [pool-2-thread-1] Doc2Pdf.java:20 - take path from blocking queue 
[2022-02-15 15:53:16.648] INFO [pool-2-thread-90] Doc2Pdf.java:17 - 当前处理线程：105
[2022-02-15 15:53:16.647] INFO [pool-2-thread-89] Doc2Pdf.java:17 - 当前处理线程：104
[2022-02-15 15:53:16.646] INFO [pool-2-thread-65] Doc2Pdf.java:17 - 当前处理线程：80
[2022-02-15 15:53:16.654] INFO [pool-2-thread-19] Doc2Pdf.java:20 - take path from blocking queue 
[2022-02-15 15:53:16.647] INFO [pool-2-thread-85] Doc2Pdf.java:17 - 当前处理线程：100
[2022-02-15 15:53:16.652] INFO [pool-2-thread-39] Doc2Pdf.java:20 - take path from blocking queue 
[2022-02-15 15:53:16.655] INFO [pool-2-thread-90] Doc2Pdf.java:20 - take path from blocking queue 
[2022-02-15 15:53:16.652] INFO [pool-2-thread-3] Doc2Pdf.java:20 - take path from blocking queue 
[2022-02-15 15:53:16.652] INFO [pool-2-thread-96] Doc2Pdf.java:20 - take path from blocking queue 
[2022-02-15 15:53:16.652] INFO [pool-2-thread-80] Doc2Pdf.java:20 - take path from blocking queue 
[2022-02-15 15:53:16.653] INFO [pool-2-thread-49] Doc2Pdf.java:20 - take path from blocking queue 
[2022-02-15 15:53:16.653] INFO [pool-2-thread-56] Doc2Pdf.java:20 - take path from blocking queue 
[2022-02-15 15:53:16.646] INFO [pool-2-thread-64] Doc2Pdf.java:17 - 当前处理线程：79
[2022-02-15 15:53:16.653] INFO [pool-2-thread-74] Doc2Pdf.java:20 - take path from blocking queue 
[2022-02-15 15:53:16.646] INFO [pool-2-thread-37] Doc2Pdf.java:17 - 当前处理线程：52
[2022-02-15 15:53:16.653] INFO [pool-2-thread-67] Doc2Pdf.java:20 - take path from blocking queue 
[2022-02-15 15:53:16.654] INFO [pool-2-thread-83] Doc2Pdf.java:20 - take path from blocking queue 
[2022-02-15 15:53:16.655] INFO [pool-2-thread-64] Doc2Pdf.java:20 - take path from blocking queue 
[2022-02-15 15:53:16.648] INFO [pool-2-thread-94] Doc2Pdf.java:17 - 当前处理线程：109
[2022-02-15 15:53:16.653] INFO [pool-2-thread-93] Doc2Pdf.java:20 - take path from blocking queue 
[2022-02-15 15:53:16.653] INFO [pool-2-thread-55] Doc2Pdf.java:20 - take path from blocking queue 
[2022-02-15 15:53:16.653] INFO [pool-2-thread-71] Doc2Pdf.java:20 - take path from blocking queue 
[2022-02-15 15:53:16.653] INFO [pool-2-thread-68] Doc2Pdf.java:20 - take path from blocking queue 
[2022-02-15 15:53:16.647] INFO [pool-2-thread-82] Doc2Pdf.java:17 - 当前处理线程：97
[2022-02-15 15:53:16.652] INFO [pool-2-thread-11] Doc2Pdf.java:20 - take path from blocking queue 
[2022-02-15 15:53:16.655] INFO [pool-2-thread-94] Doc2Pdf.java:20 - take path from blocking queue 
[2022-02-15 15:53:16.646] INFO [pool-2-thread-58] Doc2Pdf.java:17 - 当前处理线程：73
[2022-02-15 15:53:16.647] INFO [pool-2-thread-86] Doc2Pdf.java:17 - 当前处理线程：101
[2022-02-15 15:53:16.647] INFO [pool-2-thread-81] Doc2Pdf.java:17 - 当前处理线程：96
[2022-02-15 15:53:16.652] INFO [pool-2-thread-42] Doc2Pdf.java:20 - take path from blocking queue 
[2022-02-15 15:53:16.654] INFO [pool-2-thread-91] Doc2Pdf.java:20 - take path from blocking queue 
[2022-02-15 15:53:16.654] INFO [pool-2-thread-69] Doc2Pdf.java:20 - take path from blocking queue 
[2022-02-15 15:53:16.647] INFO [pool-2-thread-87] Doc2Pdf.java:17 - 当前处理线程：102
[2022-02-15 15:53:16.654] INFO [pool-2-thread-38] Doc2Pdf.java:20 - take path from blocking queue 
[2022-02-15 15:53:16.653] INFO [pool-2-thread-17] Doc2Pdf.java:20 - take path from blocking queue 
[2022-02-15 15:53:16.651] INFO [pool-2-thread-57] Doc2Pdf.java:20 - take path from blocking queue 
[2022-02-15 15:53:16.651] INFO [pool-2-thread-24] Doc2Pdf.java:20 - take path from blocking queue 
[2022-02-15 15:53:16.655] INFO [pool-2-thread-85] Doc2Pdf.java:20 - take path from blocking queue 
[2022-02-15 15:53:16.656] INFO [pool-2-thread-87] Doc2Pdf.java:20 - take path from blocking queue 
[2022-02-15 15:53:16.655] INFO [pool-2-thread-65] Doc2Pdf.java:20 - take path from blocking queue 
[2022-02-15 15:53:16.653] INFO [pool-2-thread-61] Doc2Pdf.java:20 - take path from blocking queue 
[2022-02-15 15:53:16.650] INFO [pool-2-thread-13] Doc2Pdf.java:20 - take path from blocking queue 
[2022-02-15 15:53:16.653] INFO [pool-2-thread-34] Doc2Pdf.java:20 - take path from blocking queue 
[2022-02-15 15:53:16.653] INFO [pool-2-thread-6] Doc2Pdf.java:20 - take path from blocking queue 
[2022-02-15 15:53:16.654] INFO [pool-2-thread-14] Doc2Pdf.java:20 - take path from blocking queue 
[2022-02-15 15:53:16.650] INFO [pool-1-thread-1] WatchDir.java:84 - 进入到创建文档事件监控
[2022-02-15 15:53:16.646] INFO [pool-2-thread-26] Doc2Pdf.java:17 - 当前处理线程：41
[2022-02-15 15:53:16.646] INFO [pool-2-thread-30] Doc2Pdf.java:17 - 当前处理线程：45
[2022-02-15 15:53:16.651] INFO [pool-2-thread-10] Doc2Pdf.java:20 - take path from blocking queue 
[2022-02-15 15:53:16.651] INFO [pool-2-thread-21] Doc2Pdf.java:20 - take path from blocking queue 
[2022-02-15 15:53:16.651] INFO [pool-2-thread-97] Doc2Pdf.java:20 - take path from blocking queue 
[2022-02-15 15:53:16.651] INFO [pool-2-thread-53] Doc2Pdf.java:20 - take path from blocking queue 
[2022-02-15 15:53:16.651] INFO [pool-2-thread-79] Doc2Pdf.java:20 - take path from blocking queue 
[2022-02-15 15:53:16.647] INFO [pool-2-thread-84] Doc2Pdf.java:17 - 当前处理线程：99
[2022-02-15 15:53:16.649] INFO [pool-2-thread-99] Doc2Pdf.java:17 - 当前处理线程：114
[2022-02-15 15:53:16.652] INFO [pool-2-thread-88] Doc2Pdf.java:20 - take path from blocking queue 
[2022-02-15 15:53:16.652] INFO [pool-2-thread-66] Doc2Pdf.java:20 - take path from blocking queue 
[2022-02-15 15:53:16.646] INFO [pool-2-thread-46] Doc2Pdf.java:17 - 当前处理线程：61
[2022-02-15 15:53:16.648] INFO [pool-2-thread-92] Doc2Pdf.java:17 - 当前处理线程：107
[2022-02-15 15:53:16.651] INFO [pool-2-thread-8] Doc2Pdf.java:20 - take path from blocking queue 
[2022-02-15 15:53:16.656] INFO [pool-2-thread-84] Doc2Pdf.java:20 - take path from blocking queue 
[2022-02-15 15:53:16.655] INFO [pool-2-thread-58] Doc2Pdf.java:20 - take path from blocking queue 
[2022-02-15 15:53:16.645] INFO [pool-2-thread-60] Doc2Pdf.java:17 - 当前处理线程：75
[2022-02-15 15:53:16.649] INFO [pool-2-thread-100] Doc2Pdf.java:17 - 当前处理线程：115
[2022-02-15 15:53:16.646] INFO [pool-2-thread-43] Doc2Pdf.java:17 - 当前处理线程：58
[2022-02-15 15:53:16.655] INFO [pool-2-thread-82] Doc2Pdf.java:20 - take path from blocking queue 
[2022-02-15 15:53:16.646] INFO [pool-2-thread-12] Doc2Pdf.java:17 - 当前处理线程：27
[2022-02-15 15:53:16.656] INFO [pool-2-thread-99] Doc2Pdf.java:20 - take path from blocking queue 
[2022-02-15 15:53:16.657] INFO [pool-2-thread-100] Doc2Pdf.java:20 - take path from blocking queue 
[2022-02-15 15:53:16.646] INFO [pool-2-thread-32] Doc2Pdf.java:17 - 当前处理线程：47
[2022-02-15 15:53:16.648] INFO [pool-2-thread-98] Doc2Pdf.java:17 - 当前处理线程：113
[2022-02-15 15:53:16.647] INFO [pool-2-thread-77] Doc2Pdf.java:17 - 当前处理线程：92
[2022-02-15 15:53:16.656] INFO [pool-2-thread-30] Doc2Pdf.java:20 - take path from blocking queue 
[2022-02-15 15:53:16.657] INFO [pool-2-thread-60] Doc2Pdf.java:20 - take path from blocking queue 
[2022-02-15 15:53:16.657] INFO [pool-2-thread-98] Doc2Pdf.java:20 - take path from blocking queue 
[2022-02-15 15:53:16.652] INFO [pool-2-thread-31] Doc2Pdf.java:20 - take path from blocking queue 
[2022-02-15 15:53:16.657] INFO [pool-2-thread-32] Doc2Pdf.java:20 - take path from blocking queue 
[2022-02-15 15:53:16.652] INFO [pool-2-thread-15] Doc2Pdf.java:20 - take path from blocking queue 
[2022-02-15 15:53:16.655] INFO [pool-2-thread-89] Doc2Pdf.java:20 - take path from blocking queue 
[2022-02-15 15:53:16.657] INFO [pool-2-thread-77] Doc2Pdf.java:20 - take path from blocking queue 
[2022-02-15 15:53:16.655] INFO [pool-2-thread-37] Doc2Pdf.java:20 - take path from blocking queue 
[2022-02-15 15:53:16.657] INFO [pool-2-thread-12] Doc2Pdf.java:20 - take path from blocking queue 
[2022-02-15 15:53:16.655] INFO [pool-2-thread-86] Doc2Pdf.java:20 - take path from blocking queue 
[2022-02-15 15:53:16.656] INFO [pool-2-thread-46] Doc2Pdf.java:20 - take path from blocking queue 
[2022-02-15 15:53:16.657] INFO [pool-2-thread-43] Doc2Pdf.java:20 - take path from blocking queue 
[2022-02-15 15:53:16.656] INFO [pool-2-thread-81] Doc2Pdf.java:20 - take path from blocking queue 
[2022-02-15 15:53:16.645] INFO [pool-2-thread-28] Doc2Pdf.java:17 - 当前处理线程：43
[2022-02-15 15:53:16.656] INFO [pool-2-thread-26] Doc2Pdf.java:20 - take path from blocking queue 
[2022-02-15 15:53:16.656] INFO [pool-2-thread-92] Doc2Pdf.java:20 - take path from blocking queue 
[2022-02-15 15:53:16.647] INFO [pool-2-thread-76] Doc2Pdf.java:17 - 当前处理线程：91
[2022-02-15 15:53:16.650] INFO [pool-2-thread-62] Doc2Pdf.java:20 - take path from blocking queue 
[2022-02-15 15:53:16.651] INFO [pool-2-thread-5] Doc2Pdf.java:20 - take path from blocking queue 
[2022-02-15 15:53:16.658] INFO [pool-2-thread-28] Doc2Pdf.java:20 - take path from blocking queue 
[2022-02-15 15:53:16.658] INFO [pool-2-thread-76] Doc2Pdf.java:20 - take path from blocking queue 
[2022-02-15 15:55:10.323] INFO [pool-1-thread-1] WatchDir.java:131 - put path to blockingqueue D:\nginx\workdir\doc\002169_永赢稳益债券型证券投资基金2021年第四季度报告.doc
[2022-02-15 15:55:10.330] INFO [pool-1-thread-1] WatchDir.java:131 - put path to blockingqueue D:\nginx\workdir\doc\000533_永赢货币市场基金2021年第四季度报告.doc
[2022-02-15 15:55:12.378] INFO [pool-2-thread-51] ConvertDoc2Pdf.java:32 - 打开文档D:\nginx\workdir\doc\000533_永赢货币市场基金2021年第四季度报告.doc
[2022-02-15 15:55:12.618] INFO [pool-2-thread-51] ConvertDoc2Pdf.java:35 - 转换文档到PDF D:\nginx\workdir\pdf\000533_永赢货币市场基金2021年第四季度报告.pdf
[2022-02-15 15:55:14.394] INFO [pool-2-thread-18] ConvertDoc2Pdf.java:32 - 打开文档D:\nginx\workdir\doc\002169_永赢稳益债券型证券投资基金2021年第四季度报告.doc
[2022-02-15 15:55:14.597] INFO [pool-2-thread-51] ConvertDoc2Pdf.java:39 - 转换完成用时：4263ms.
[2022-02-15 15:55:14.613] INFO [pool-2-thread-18] ConvertDoc2Pdf.java:35 - 转换文档到PDF D:\nginx\workdir\pdf\002169_永赢稳益债券型证券投资基金2021年第四季度报告.pdf
[2022-02-15 15:55:16.578] INFO [pool-2-thread-18] ConvertDoc2Pdf.java:39 - 转换完成用时：6246ms.
[2022-02-15 15:55:16.865] INFO [pool-2-thread-18] Doc2Pdf.java:20 - take path from blocking queue 
[2022-02-15 15:55:16.866] INFO [pool-2-thread-51] Doc2Pdf.java:20 - take path from blocking queue 
[2022-02-15 16:11:55.818] INFO [pool-2-thread-47] Doc2Pdf.java:17 - 当前处理线程：62
[2022-02-15 16:11:55.818] INFO [pool-2-thread-41] Doc2Pdf.java:17 - 当前处理线程：56
[2022-02-15 16:11:55.818] INFO [pool-2-thread-6] Doc2Pdf.java:17 - 当前处理线程：21
[2022-02-15 16:11:55.818] INFO [pool-2-thread-64] Doc2Pdf.java:17 - 当前处理线程：79
[2022-02-15 16:11:55.818] INFO [pool-2-thread-21] Doc2Pdf.java:17 - 当前处理线程：36
[2022-02-15 16:11:55.818] INFO [pool-2-thread-99] Doc2Pdf.java:17 - 当前处理线程：114
[2022-02-15 16:11:55.818] INFO [pool-2-thread-50] Doc2Pdf.java:17 - 当前处理线程：65
[2022-02-15 16:11:55.818] INFO [pool-2-thread-53] Doc2Pdf.java:17 - 当前处理线程：68
[2022-02-15 16:11:55.818] INFO [pool-2-thread-91] Doc2Pdf.java:17 - 当前处理线程：106
[2022-02-15 16:11:55.818] INFO [pool-2-thread-20] Doc2Pdf.java:17 - 当前处理线程：35
[2022-02-15 16:11:55.818] INFO [pool-2-thread-66] Doc2Pdf.java:17 - 当前处理线程：81
[2022-02-15 16:11:55.818] INFO [pool-2-thread-7] Doc2Pdf.java:17 - 当前处理线程：22
[2022-02-15 16:11:55.818] INFO [pool-2-thread-87] Doc2Pdf.java:17 - 当前处理线程：102
[2022-02-15 16:11:55.818] INFO [pool-2-thread-98] Doc2Pdf.java:17 - 当前处理线程：113
[2022-02-15 16:11:55.818] INFO [pool-2-thread-72] Doc2Pdf.java:17 - 当前处理线程：87
[2022-02-15 16:11:55.818] INFO [pool-2-thread-96] Doc2Pdf.java:17 - 当前处理线程：111
[2022-02-15 16:11:55.818] INFO [pool-2-thread-1] Doc2Pdf.java:17 - 当前处理线程：16
[2022-02-15 16:11:55.827] INFO [pool-2-thread-87] Doc2Pdf.java:20 - take path from blocking queue 
[2022-02-15 16:11:55.818] INFO [pool-2-thread-12] Doc2Pdf.java:17 - 当前处理线程：27
[2022-02-15 16:11:55.827] INFO [pool-2-thread-7] Doc2Pdf.java:20 - take path from blocking queue 
[2022-02-15 16:11:55.818] INFO [pool-2-thread-49] Doc2Pdf.java:17 - 当前处理线程：64
[2022-02-15 16:11:55.818] INFO [pool-2-thread-71] Doc2Pdf.java:17 - 当前处理线程：86
[2022-02-15 16:11:55.827] INFO [pool-2-thread-12] Doc2Pdf.java:20 - take path from blocking queue 
[2022-02-15 16:11:55.818] INFO [pool-2-thread-10] Doc2Pdf.java:17 - 当前处理线程：25
[2022-02-15 16:11:55.827] INFO [pool-2-thread-96] Doc2Pdf.java:20 - take path from blocking queue 
[2022-02-15 16:11:55.818] INFO [pool-2-thread-74] Doc2Pdf.java:17 - 当前处理线程：89
[2022-02-15 16:11:55.828] INFO [pool-2-thread-10] Doc2Pdf.java:20 - take path from blocking queue 
[2022-02-15 16:11:55.827] INFO [pool-2-thread-66] Doc2Pdf.java:20 - take path from blocking queue 
[2022-02-15 16:11:55.818] INFO [pool-2-thread-93] Doc2Pdf.java:17 - 当前处理线程：108
[2022-02-15 16:11:55.818] INFO [pool-2-thread-46] Doc2Pdf.java:17 - 当前处理线程：61
[2022-02-15 16:11:55.818] INFO [pool-2-thread-67] Doc2Pdf.java:17 - 当前处理线程：82
[2022-02-15 16:11:55.826] INFO [pool-2-thread-64] Doc2Pdf.java:20 - take path from blocking queue 
[2022-02-15 16:11:55.818] INFO [pool-2-thread-82] Doc2Pdf.java:17 - 当前处理线程：97
[2022-02-15 16:11:55.828] INFO [pool-2-thread-74] Doc2Pdf.java:20 - take path from blocking queue 
[2022-02-15 16:11:55.818] INFO [pool-2-thread-77] Doc2Pdf.java:17 - 当前处理线程：92
[2022-02-15 16:11:55.818] INFO [pool-2-thread-34] Doc2Pdf.java:17 - 当前处理线程：49
[2022-02-15 16:11:55.818] INFO [pool-2-thread-69] Doc2Pdf.java:17 - 当前处理线程：84
[2022-02-15 16:11:55.818] INFO [pool-2-thread-25] Doc2Pdf.java:17 - 当前处理线程：40
[2022-02-15 16:11:55.828] INFO [pool-2-thread-82] Doc2Pdf.java:20 - take path from blocking queue 
[2022-02-15 16:11:55.818] INFO [pool-2-thread-97] Doc2Pdf.java:17 - 当前处理线程：112
[2022-02-15 16:11:55.818] INFO [pool-2-thread-86] Doc2Pdf.java:17 - 当前处理线程：101
[2022-02-15 16:11:55.828] INFO [pool-2-thread-69] Doc2Pdf.java:20 - take path from blocking queue 
[2022-02-15 16:11:55.828] INFO [pool-2-thread-93] Doc2Pdf.java:20 - take path from blocking queue 
[2022-02-15 16:11:55.827] INFO [pool-2-thread-53] Doc2Pdf.java:20 - take path from blocking queue 
[2022-02-15 16:11:55.827] INFO [pool-2-thread-49] Doc2Pdf.java:20 - take path from blocking queue 
[2022-02-15 16:11:55.818] INFO [pool-2-thread-76] Doc2Pdf.java:17 - 当前处理线程：91
[2022-02-15 16:11:55.818] INFO [pool-2-thread-27] Doc2Pdf.java:17 - 当前处理线程：42
[2022-02-15 16:11:55.828] INFO [pool-2-thread-34] Doc2Pdf.java:20 - take path from blocking queue 
[2022-02-15 16:11:55.818] INFO [pool-2-thread-39] Doc2Pdf.java:17 - 当前处理线程：54
[2022-02-15 16:11:55.818] INFO [pool-2-thread-63] Doc2Pdf.java:17 - 当前处理线程：78
[2022-02-15 16:11:55.829] INFO [pool-2-thread-27] Doc2Pdf.java:20 - take path from blocking queue 
[2022-02-15 16:11:55.818] INFO [pool-2-thread-59] Doc2Pdf.java:17 - 当前处理线程：74
[2022-02-15 16:11:55.818] INFO [pool-2-thread-94] Doc2Pdf.java:17 - 当前处理线程：109
[2022-02-15 16:11:55.818] INFO [pool-2-thread-75] Doc2Pdf.java:17 - 当前处理线程：90
[2022-02-15 16:11:55.818] INFO [pool-2-thread-3] Doc2Pdf.java:17 - 当前处理线程：18
[2022-02-15 16:11:55.818] INFO [pool-2-thread-38] Doc2Pdf.java:17 - 当前处理线程：53
[2022-02-15 16:11:55.818] INFO [pool-2-thread-78] Doc2Pdf.java:17 - 当前处理线程：93
[2022-02-15 16:11:55.818] INFO [pool-2-thread-13] Doc2Pdf.java:17 - 当前处理线程：28
[2022-02-15 16:11:55.829] INFO [pool-2-thread-75] Doc2Pdf.java:20 - take path from blocking queue 
[2022-02-15 16:11:55.818] INFO [pool-2-thread-28] Doc2Pdf.java:17 - 当前处理线程：43
[2022-02-15 16:11:55.818] INFO [pool-2-thread-83] Doc2Pdf.java:17 - 当前处理线程：98
[2022-02-15 16:11:55.829] INFO [pool-2-thread-78] Doc2Pdf.java:20 - take path from blocking queue 
[2022-02-15 16:11:55.818] INFO [pool-2-thread-65] Doc2Pdf.java:17 - 当前处理线程：80
[2022-02-15 16:11:55.818] INFO [pool-2-thread-60] Doc2Pdf.java:17 - 当前处理线程：75
[2022-02-15 16:11:55.829] INFO [pool-2-thread-28] Doc2Pdf.java:20 - take path from blocking queue 
[2022-02-15 16:11:55.829] INFO [pool-2-thread-63] Doc2Pdf.java:20 - take path from blocking queue 
[2022-02-15 16:11:55.829] INFO [pool-2-thread-65] Doc2Pdf.java:20 - take path from blocking queue 
[2022-02-15 16:11:55.818] INFO [pool-2-thread-45] Doc2Pdf.java:17 - 当前处理线程：60
[2022-02-15 16:11:55.818] INFO [pool-2-thread-32] Doc2Pdf.java:17 - 当前处理线程：47
[2022-02-15 16:11:55.818] INFO [pool-2-thread-62] Doc2Pdf.java:17 - 当前处理线程：77
[2022-02-15 16:11:55.818] INFO [pool-2-thread-37] Doc2Pdf.java:17 - 当前处理线程：52
[2022-02-15 16:11:55.818] INFO [pool-2-thread-5] Doc2Pdf.java:17 - 当前处理线程：20
[2022-02-15 16:11:55.829] INFO [pool-2-thread-62] Doc2Pdf.java:20 - take path from blocking queue 
[2022-02-15 16:11:55.829] INFO [pool-2-thread-83] Doc2Pdf.java:20 - take path from blocking queue 
[2022-02-15 16:11:55.818] INFO [pool-2-thread-24] Doc2Pdf.java:17 - 当前处理线程：39
[2022-02-15 16:11:55.829] INFO [pool-2-thread-60] Doc2Pdf.java:20 - take path from blocking queue 
[2022-02-15 16:11:55.818] INFO [pool-2-thread-51] Doc2Pdf.java:17 - 当前处理线程：66
[2022-02-15 16:11:55.818] INFO [pool-2-thread-92] Doc2Pdf.java:17 - 当前处理线程：107
[2022-02-15 16:11:55.829] INFO [pool-2-thread-37] Doc2Pdf.java:20 - take path from blocking queue 
[2022-02-15 16:11:55.829] INFO [pool-2-thread-5] Doc2Pdf.java:20 - take path from blocking queue 
[2022-02-15 16:11:55.818] INFO [pool-2-thread-79] Doc2Pdf.java:17 - 当前处理线程：94
[2022-02-15 16:11:55.818] INFO [pool-2-thread-56] Doc2Pdf.java:17 - 当前处理线程：71
[2022-02-15 16:11:55.818] INFO [pool-2-thread-29] Doc2Pdf.java:17 - 当前处理线程：44
[2022-02-15 16:11:55.818] INFO [pool-2-thread-31] Doc2Pdf.java:17 - 当前处理线程：46
[2022-02-15 16:11:55.830] INFO [pool-2-thread-56] Doc2Pdf.java:20 - take path from blocking queue 
[2022-02-15 16:11:55.818] INFO [pool-2-thread-9] Doc2Pdf.java:17 - 当前处理线程：24
[2022-02-15 16:11:55.818] INFO [pool-2-thread-84] Doc2Pdf.java:17 - 当前处理线程：99
[2022-02-15 16:11:55.818] INFO [pool-2-thread-89] Doc2Pdf.java:17 - 当前处理线程：104
[2022-02-15 16:11:55.818] INFO [pool-2-thread-42] Doc2Pdf.java:17 - 当前处理线程：57
[2022-02-15 16:11:55.818] INFO [pool-2-thread-2] Doc2Pdf.java:17 - 当前处理线程：17
[2022-02-15 16:11:55.830] INFO [pool-2-thread-24] Doc2Pdf.java:20 - take path from blocking queue 
[2022-02-15 16:11:55.818] INFO [pool-2-thread-70] Doc2Pdf.java:17 - 当前处理线程：85
[2022-02-15 16:11:55.830] INFO [pool-2-thread-89] Doc2Pdf.java:20 - take path from blocking queue 
[2022-02-15 16:11:55.830] INFO [pool-2-thread-92] Doc2Pdf.java:20 - take path from blocking queue 
[2022-02-15 16:11:55.830] INFO [pool-2-thread-29] Doc2Pdf.java:20 - take path from blocking queue 
[2022-02-15 16:11:55.830] INFO [pool-2-thread-31] Doc2Pdf.java:20 - take path from blocking queue 
[2022-02-15 16:11:55.830] INFO [pool-2-thread-9] Doc2Pdf.java:20 - take path from blocking queue 
[2022-02-15 16:11:55.818] INFO [pool-2-thread-17] Doc2Pdf.java:17 - 当前处理线程：32
[2022-02-15 16:11:55.818] INFO [pool-2-thread-19] Doc2Pdf.java:17 - 当前处理线程：34
[2022-02-15 16:11:55.818] INFO [pool-2-thread-23] Doc2Pdf.java:17 - 当前处理线程：38
[2022-02-15 16:11:55.818] INFO [pool-2-thread-95] Doc2Pdf.java:17 - 当前处理线程：110
[2022-02-15 16:11:55.818] INFO [pool-2-thread-57] Doc2Pdf.java:17 - 当前处理线程：72
[2022-02-15 16:11:55.818] INFO [pool-2-thread-36] Doc2Pdf.java:17 - 当前处理线程：51
[2022-02-15 16:11:55.818] INFO [pool-2-thread-8] Doc2Pdf.java:17 - 当前处理线程：23
[2022-02-15 16:11:55.818] INFO [pool-2-thread-90] Doc2Pdf.java:17 - 当前处理线程：105
[2022-02-15 16:11:55.818] INFO [pool-2-thread-44] Doc2Pdf.java:17 - 当前处理线程：59
[2022-02-15 16:11:55.818] INFO [pool-2-thread-80] Doc2Pdf.java:17 - 当前处理线程：95
[2022-02-15 16:11:55.818] INFO [pool-2-thread-73] Doc2Pdf.java:17 - 当前处理线程：88
[2022-02-15 16:11:55.831] INFO [pool-2-thread-90] Doc2Pdf.java:20 - take path from blocking queue 
[2022-02-15 16:11:55.831] INFO [pool-2-thread-57] Doc2Pdf.java:20 - take path from blocking queue 
[2022-02-15 16:11:55.831] INFO [pool-2-thread-44] Doc2Pdf.java:20 - take path from blocking queue 
[2022-02-15 16:11:55.818] INFO [pool-2-thread-100] Doc2Pdf.java:17 - 当前处理线程：115
[2022-02-15 16:11:55.818] INFO [pool-2-thread-18] Doc2Pdf.java:17 - 当前处理线程：33
[2022-02-15 16:11:55.818] INFO [pool-2-thread-33] Doc2Pdf.java:17 - 当前处理线程：48
[2022-02-15 16:11:55.818] INFO [pool-2-thread-58] Doc2Pdf.java:17 - 当前处理线程：73
[2022-02-15 16:11:55.818] INFO [pool-1-thread-1] WatchDir.java:155 - 当前doc处理线程号：15
[2022-02-15 16:11:55.831] INFO [pool-2-thread-100] Doc2Pdf.java:20 - take path from blocking queue 
[2022-02-15 16:11:55.831] INFO [pool-2-thread-18] Doc2Pdf.java:20 - take path from blocking queue 
[2022-02-15 16:11:55.818] INFO [pool-2-thread-22] Doc2Pdf.java:17 - 当前处理线程：37
[2022-02-15 16:11:55.818] INFO [pool-2-thread-68] Doc2Pdf.java:17 - 当前处理线程：83
[2022-02-15 16:11:55.831] INFO [pool-2-thread-58] Doc2Pdf.java:20 - take path from blocking queue 
[2022-02-15 16:11:55.818] INFO [pool-2-thread-81] Doc2Pdf.java:17 - 当前处理线程：96
[2022-02-15 16:11:55.818] INFO [pool-2-thread-40] Doc2Pdf.java:17 - 当前处理线程：55
[2022-02-15 16:11:55.831] INFO [pool-1-thread-1] WatchDir.java:84 - 进入到创建文档事件监控
[2022-02-15 16:11:55.818] INFO [pool-2-thread-55] Doc2Pdf.java:17 - 当前处理线程：70
[2022-02-15 16:11:55.831] INFO [pool-2-thread-40] Doc2Pdf.java:20 - take path from blocking queue 
[2022-02-15 16:11:55.831] INFO [pool-2-thread-81] Doc2Pdf.java:20 - take path from blocking queue 
[2022-02-15 16:11:55.831] INFO [pool-2-thread-68] Doc2Pdf.java:20 - take path from blocking queue 
[2022-02-15 16:11:55.826] INFO [pool-2-thread-47] Doc2Pdf.java:20 - take path from blocking queue 
[2022-02-15 16:11:55.818] INFO [pool-2-thread-85] Doc2Pdf.java:17 - 当前处理线程：100
[2022-02-15 16:11:55.818] INFO [pool-2-thread-16] Doc2Pdf.java:17 - 当前处理线程：31
[2022-02-15 16:11:55.818] INFO [pool-2-thread-4] Doc2Pdf.java:17 - 当前处理线程：19
[2022-02-15 16:11:55.826] INFO [pool-2-thread-6] Doc2Pdf.java:20 - take path from blocking queue 
[2022-02-15 16:11:55.832] INFO [pool-2-thread-16] Doc2Pdf.java:20 - take path from blocking queue 
[2022-02-15 16:11:55.826] INFO [pool-2-thread-41] Doc2Pdf.java:20 - take path from blocking queue 
[2022-02-15 16:11:55.818] INFO [pool-2-thread-35] Doc2Pdf.java:17 - 当前处理线程：50
[2022-02-15 16:11:55.818] INFO [pool-2-thread-15] Doc2Pdf.java:17 - 当前处理线程：30
[2022-02-15 16:11:55.832] INFO [pool-2-thread-4] Doc2Pdf.java:20 - take path from blocking queue 
[2022-02-15 16:11:55.818] INFO [pool-2-thread-43] Doc2Pdf.java:17 - 当前处理线程：58
[2022-02-15 16:11:55.818] INFO [pool-2-thread-88] Doc2Pdf.java:17 - 当前处理线程：103
[2022-02-15 16:11:55.832] INFO [pool-2-thread-35] Doc2Pdf.java:20 - take path from blocking queue 
[2022-02-15 16:11:55.818] INFO [pool-2-thread-54] Doc2Pdf.java:17 - 当前处理线程：69
[2022-02-15 16:11:55.818] INFO [pool-2-thread-52] Doc2Pdf.java:17 - 当前处理线程：67
[2022-02-15 16:11:55.826] INFO [pool-2-thread-21] Doc2Pdf.java:20 - take path from blocking queue 
[2022-02-15 16:11:55.818] INFO [pool-2-thread-48] Doc2Pdf.java:17 - 当前处理线程：63
[2022-02-15 16:11:55.818] INFO [pool-2-thread-11] Doc2Pdf.java:17 - 当前处理线程：26
[2022-02-15 16:11:55.832] INFO [pool-2-thread-88] Doc2Pdf.java:20 - take path from blocking queue 
[2022-02-15 16:11:55.818] INFO [pool-2-thread-30] Doc2Pdf.java:17 - 当前处理线程：45
[2022-02-15 16:11:55.832] INFO [pool-2-thread-15] Doc2Pdf.java:20 - take path from blocking queue 
[2022-02-15 16:11:55.832] INFO [pool-2-thread-48] Doc2Pdf.java:20 - take path from blocking queue 
[2022-02-15 16:11:55.818] INFO [pool-2-thread-14] Doc2Pdf.java:17 - 当前处理线程：29
[2022-02-15 16:11:55.818] INFO [pool-2-thread-26] Doc2Pdf.java:17 - 当前处理线程：41
[2022-02-15 16:11:55.827] INFO [pool-2-thread-98] Doc2Pdf.java:20 - take path from blocking queue 
[2022-02-15 16:11:55.827] INFO [pool-2-thread-72] Doc2Pdf.java:20 - take path from blocking queue 
[2022-02-15 16:11:55.832] INFO [pool-2-thread-52] Doc2Pdf.java:20 - take path from blocking queue 
[2022-02-15 16:11:55.827] INFO [pool-2-thread-1] Doc2Pdf.java:20 - take path from blocking queue 
[2022-02-15 16:11:55.818] INFO [pool-2-thread-61] Doc2Pdf.java:17 - 当前处理线程：76
[2022-02-15 16:11:55.826] INFO [pool-2-thread-99] Doc2Pdf.java:20 - take path from blocking queue 
[2022-02-15 16:11:55.832] INFO [pool-2-thread-14] Doc2Pdf.java:20 - take path from blocking queue 
[2022-02-15 16:11:55.827] INFO [pool-2-thread-20] Doc2Pdf.java:20 - take path from blocking queue 
[2022-02-15 16:11:55.828] INFO [pool-2-thread-67] Doc2Pdf.java:20 - take path from blocking queue 
[2022-02-15 16:11:55.828] INFO [pool-2-thread-46] Doc2Pdf.java:20 - take path from blocking queue 
[2022-02-15 16:11:55.832] INFO [pool-2-thread-43] Doc2Pdf.java:20 - take path from blocking queue 
[2022-02-15 16:11:55.833] INFO [pool-2-thread-61] Doc2Pdf.java:20 - take path from blocking queue 
[2022-02-15 16:11:55.828] INFO [pool-2-thread-97] Doc2Pdf.java:20 - take path from blocking queue 
[2022-02-15 16:11:55.828] INFO [pool-2-thread-77] Doc2Pdf.java:20 - take path from blocking queue 
[2022-02-15 16:11:55.828] INFO [pool-2-thread-25] Doc2Pdf.java:20 - take path from blocking queue 
[2022-02-15 16:11:55.828] INFO [pool-2-thread-86] Doc2Pdf.java:20 - take path from blocking queue 
[2022-02-15 16:11:55.827] INFO [pool-2-thread-71] Doc2Pdf.java:20 - take path from blocking queue 
[2022-02-15 16:11:55.829] INFO [pool-2-thread-76] Doc2Pdf.java:20 - take path from blocking queue 
[2022-02-15 16:11:55.829] INFO [pool-2-thread-94] Doc2Pdf.java:20 - take path from blocking queue 
[2022-02-15 16:11:55.829] INFO [pool-2-thread-39] Doc2Pdf.java:20 - take path from blocking queue 
[2022-02-15 16:11:55.832] INFO [pool-2-thread-26] Doc2Pdf.java:20 - take path from blocking queue 
[2022-02-15 16:11:55.827] INFO [pool-2-thread-91] Doc2Pdf.java:20 - take path from blocking queue 
[2022-02-15 16:11:55.829] INFO [pool-2-thread-3] Doc2Pdf.java:20 - take path from blocking queue 
[2022-02-15 16:11:55.827] INFO [pool-2-thread-50] Doc2Pdf.java:20 - take path from blocking queue 
[2022-02-15 16:11:55.829] INFO [pool-2-thread-13] Doc2Pdf.java:20 - take path from blocking queue 
[2022-02-15 16:11:55.829] INFO [pool-2-thread-45] Doc2Pdf.java:20 - take path from blocking queue 
[2022-02-15 16:11:55.829] INFO [pool-2-thread-32] Doc2Pdf.java:20 - take path from blocking queue 
[2022-02-15 16:11:55.830] INFO [pool-2-thread-17] Doc2Pdf.java:20 - take path from blocking queue 
[2022-02-15 16:11:55.830] INFO [pool-2-thread-79] Doc2Pdf.java:20 - take path from blocking queue 
[2022-02-15 16:11:55.830] INFO [pool-2-thread-84] Doc2Pdf.java:20 - take path from blocking queue 
[2022-02-15 16:11:55.829] INFO [pool-2-thread-38] Doc2Pdf.java:20 - take path from blocking queue 
[2022-02-15 16:11:55.831] INFO [pool-2-thread-19] Doc2Pdf.java:20 - take path from blocking queue 
[2022-02-15 16:11:55.830] INFO [pool-2-thread-2] Doc2Pdf.java:20 - take path from blocking queue 
[2022-02-15 16:11:55.829] INFO [pool-2-thread-59] Doc2Pdf.java:20 - take path from blocking queue 
[2022-02-15 16:11:55.831] INFO [pool-2-thread-23] Doc2Pdf.java:20 - take path from blocking queue 
[2022-02-15 16:11:55.831] INFO [pool-2-thread-36] Doc2Pdf.java:20 - take path from blocking queue 
[2022-02-15 16:11:55.830] INFO [pool-2-thread-70] Doc2Pdf.java:20 - take path from blocking queue 
[2022-02-15 16:11:55.831] INFO [pool-2-thread-80] Doc2Pdf.java:20 - take path from blocking queue 
[2022-02-15 16:11:55.831] INFO [pool-2-thread-22] Doc2Pdf.java:20 - take path from blocking queue 
[2022-02-15 16:11:55.830] INFO [pool-2-thread-42] Doc2Pdf.java:20 - take path from blocking queue 
[2022-02-15 16:11:55.830] INFO [pool-2-thread-51] Doc2Pdf.java:20 - take path from blocking queue 
[2022-02-15 16:11:55.832] INFO [pool-2-thread-11] Doc2Pdf.java:20 - take path from blocking queue 
[2022-02-15 16:11:55.832] INFO [pool-2-thread-30] Doc2Pdf.java:20 - take path from blocking queue 
[2022-02-15 16:11:55.832] INFO [pool-2-thread-54] Doc2Pdf.java:20 - take path from blocking queue 
[2022-02-15 16:11:55.831] INFO [pool-2-thread-73] Doc2Pdf.java:20 - take path from blocking queue 
[2022-02-15 16:11:55.832] INFO [pool-2-thread-85] Doc2Pdf.java:20 - take path from blocking queue 
[2022-02-15 16:11:55.831] INFO [pool-2-thread-55] Doc2Pdf.java:20 - take path from blocking queue 
[2022-02-15 16:11:55.831] INFO [pool-2-thread-33] Doc2Pdf.java:20 - take path from blocking queue 
[2022-02-15 16:11:55.831] INFO [pool-2-thread-95] Doc2Pdf.java:20 - take path from blocking queue 
[2022-02-15 16:11:55.831] INFO [pool-2-thread-8] Doc2Pdf.java:20 - take path from blocking queue 
